{"E:\\securetrack\\backend\\controllers\\aiFixController.js": {"path":"E:\\securetrack\\backend\\controllers\\aiFixController.js","statementMap":{"0":{"start":{"line":1,"column":32},"end":{"line":1,"column":47}},"1":{"start":{"line":2,"column":48},"end":{"line":2,"column":80}},"2":{"start":{"line":3,"column":23},"end":{"line":3,"column":55}},"3":{"start":{"line":4,"column":17},"end":{"line":4,"column":46}},"4":{"start":{"line":5,"column":37},"end":{"line":5,"column":79}},"5":{"start":{"line":9,"column":26},"end":{"line":19,"column":82}},"6":{"start":{"line":25,"column":22},"end":{"line":57,"column":1}},"7":{"start":{"line":26,"column":20},"end":{"line":26,"column":30}},"8":{"start":{"line":27,"column":2},"end":{"line":56,"column":3}},"9":{"start":{"line":28,"column":31},"end":{"line":28,"column":39}},"10":{"start":{"line":29,"column":19},"end":{"line":29,"column":62}},"11":{"start":{"line":30,"column":29},"end":{"line":30,"column":51}},"12":{"start":{"line":32,"column":21},"end":{"line":39,"column":6}},"13":{"start":{"line":42,"column":22},"end":{"line":42,"column":92}},"14":{"start":{"line":42,"column":60},"end":{"line":42,"column":85}},"15":{"start":{"line":43,"column":4},"end":{"line":50,"column":5}},"16":{"start":{"line":44,"column":17},"end":{"line":44,"column":34}},"17":{"start":{"line":45,"column":6},"end":{"line":49,"column":9}},"18":{"start":{"line":52,"column":4},"end":{"line":52,"column":81}},"19":{"start":{"line":54,"column":4},"end":{"line":54,"column":55}},"20":{"start":{"line":55,"column":4},"end":{"line":55,"column":73}},"21":{"start":{"line":66,"column":16},"end":{"line":131,"column":1}},"22":{"start":{"line":67,"column":20},"end":{"line":67,"column":30}},"23":{"start":{"line":68,"column":2},"end":{"line":130,"column":3}},"24":{"start":{"line":69,"column":65},"end":{"line":69,"column":73}},"25":{"start":{"line":71,"column":4},"end":{"line":73,"column":5}},"26":{"start":{"line":72,"column":6},"end":{"line":72,"column":82}},"27":{"start":{"line":76,"column":21},"end":{"line":80,"column":36}},"28":{"start":{"line":78,"column":25},"end":{"line":78,"column":117}},"29":{"start":{"line":82,"column":23},"end":{"line":92,"column":49}},"30":{"start":{"line":95,"column":22},"end":{"line":99,"column":6}},"31":{"start":{"line":102,"column":21},"end":{"line":109,"column":5}},"32":{"start":{"line":112,"column":18},"end":{"line":112,"column":59}},"33":{"start":{"line":114,"column":29},"end":{"line":114,"column":51}},"34":{"start":{"line":116,"column":4},"end":{"line":123,"column":7}},"35":{"start":{"line":120,"column":45},"end":{"line":120,"column":67}},"36":{"start":{"line":125,"column":4},"end":{"line":125,"column":49}},"37":{"start":{"line":126,"column":4},"end":{"line":128,"column":5}},"38":{"start":{"line":127,"column":6},"end":{"line":127,"column":100}},"39":{"start":{"line":129,"column":4},"end":{"line":129,"column":80}},"40":{"start":{"line":138,"column":21},"end":{"line":146,"column":1}},"41":{"start":{"line":139,"column":14},"end":{"line":144,"column":3}},"42":{"start":{"line":145,"column":2},"end":{"line":145,"column":47}},"43":{"start":{"line":152,"column":23},"end":{"line":184,"column":1}},"44":{"start":{"line":153,"column":24},"end":{"line":153,"column":48}},"45":{"start":{"line":154,"column":21},"end":{"line":154,"column":42}},"46":{"start":{"line":155,"column":16},"end":{"line":155,"column":18}},"47":{"start":{"line":157,"column":20},"end":{"line":157,"column":24}},"48":{"start":{"line":158,"column":16},"end":{"line":158,"column":17}},"49":{"start":{"line":159,"column":16},"end":{"line":159,"column":17}},"50":{"start":{"line":161,"column":2},"end":{"line":180,"column":3}},"51":{"start":{"line":163,"column":4},"end":{"line":179,"column":5}},"52":{"start":{"line":164,"column":6},"end":{"line":164,"column":47}},"53":{"start":{"line":164,"column":23},"end":{"line":164,"column":47}},"54":{"start":{"line":165,"column":20},"end":{"line":165,"column":64}},"55":{"start":{"line":166,"column":6},"end":{"line":169,"column":7}},"56":{"start":{"line":167,"column":8},"end":{"line":167,"column":41}},"57":{"start":{"line":168,"column":8},"end":{"line":168,"column":41}},"58":{"start":{"line":170,"column":6},"end":{"line":170,"column":50}},"59":{"start":{"line":171,"column":11},"end":{"line":179,"column":5}},"60":{"start":{"line":172,"column":6},"end":{"line":178,"column":7}},"61":{"start":{"line":173,"column":8},"end":{"line":173,"column":113}},"62":{"start":{"line":174,"column":13},"end":{"line":178,"column":7}},"63":{"start":{"line":175,"column":8},"end":{"line":175,"column":111}},"64":{"start":{"line":176,"column":13},"end":{"line":178,"column":7}},"65":{"start":{"line":177,"column":8},"end":{"line":177,"column":118}},"66":{"start":{"line":182,"column":2},"end":{"line":182,"column":77}},"67":{"start":{"line":182,"column":53},"end":{"line":182,"column":77}},"68":{"start":{"line":183,"column":2},"end":{"line":183,"column":15}},"69":{"start":{"line":186,"column":0},"end":{"line":186,"column":44}}},"fnMap":{"0":{"name":"(anonymous_0)","decl":{"start":{"line":25,"column":22},"end":{"line":25,"column":23}},"loc":{"start":{"line":25,"column":42},"end":{"line":57,"column":1}},"line":25},"1":{"name":"(anonymous_1)","decl":{"start":{"line":42,"column":53},"end":{"line":42,"column":54}},"loc":{"start":{"line":42,"column":60},"end":{"line":42,"column":85}},"line":42},"2":{"name":"(anonymous_2)","decl":{"start":{"line":66,"column":16},"end":{"line":66,"column":17}},"loc":{"start":{"line":66,"column":36},"end":{"line":131,"column":1}},"line":66},"3":{"name":"(anonymous_3)","decl":{"start":{"line":78,"column":15},"end":{"line":78,"column":16}},"loc":{"start":{"line":78,"column":25},"end":{"line":78,"column":117}},"line":78},"4":{"name":"(anonymous_4)","decl":{"start":{"line":120,"column":33},"end":{"line":120,"column":34}},"loc":{"start":{"line":120,"column":45},"end":{"line":120,"column":67}},"line":120},"5":{"name":"(anonymous_5)","decl":{"start":{"line":138,"column":21},"end":{"line":138,"column":22}},"loc":{"start":{"line":138,"column":35},"end":{"line":146,"column":1}},"line":138},"6":{"name":"(anonymous_6)","decl":{"start":{"line":152,"column":23},"end":{"line":152,"column":24}},"loc":{"start":{"line":152,"column":62},"end":{"line":184,"column":1}},"line":152}},"branchMap":{"0":{"loc":{"start":{"line":42,"column":22},"end":{"line":42,"column":92}},"type":"binary-expr","locations":[{"start":{"line":42,"column":22},"end":{"line":42,"column":86}},{"start":{"line":42,"column":90},"end":{"line":42,"column":92}}],"line":42},"1":{"loc":{"start":{"line":43,"column":4},"end":{"line":50,"column":5}},"type":"if","locations":[{"start":{"line":43,"column":4},"end":{"line":50,"column":5}},{"start":{},"end":{}}],"line":43},"2":{"loc":{"start":{"line":55,"column":36},"end":{"line":55,"column":69}},"type":"binary-expr","locations":[{"start":{"line":55,"column":36},"end":{"line":55,"column":47}},{"start":{"line":55,"column":51},"end":{"line":55,"column":69}}],"line":55},"3":{"loc":{"start":{"line":69,"column":28},"end":{"line":69,"column":48}},"type":"default-arg","locations":[{"start":{"line":69,"column":46},"end":{"line":69,"column":48}}],"line":69},"4":{"loc":{"start":{"line":71,"column":4},"end":{"line":73,"column":5}},"type":"if","locations":[{"start":{"line":71,"column":4},"end":{"line":73,"column":5}},{"start":{},"end":{}}],"line":71},"5":{"loc":{"start":{"line":71,"column":8},"end":{"line":71,"column":26}},"type":"binary-expr","locations":[{"start":{"line":71,"column":8},"end":{"line":71,"column":13}},{"start":{"line":71,"column":17},"end":{"line":71,"column":26}}],"line":71},"6":{"loc":{"start":{"line":76,"column":21},"end":{"line":80,"column":36}},"type":"cond-expr","locations":[{"start":{"line":77,"column":8},"end":{"line":79,"column":21}},{"start":{"line":80,"column":8},"end":{"line":80,"column":36}}],"line":76},"7":{"loc":{"start":{"line":78,"column":64},"end":{"line":78,"column":97}},"type":"cond-expr","locations":[{"start":{"line":78,"column":73},"end":{"line":78,"column":92}},{"start":{"line":78,"column":95},"end":{"line":78,"column":97}}],"line":78},"8":{"loc":{"start":{"line":126,"column":4},"end":{"line":128,"column":5}},"type":"if","locations":[{"start":{"line":126,"column":4},"end":{"line":128,"column":5}},{"start":{},"end":{}}],"line":126},"9":{"loc":{"start":{"line":129,"column":36},"end":{"line":129,"column":76}},"type":"binary-expr","locations":[{"start":{"line":129,"column":36},"end":{"line":129,"column":47}},{"start":{"line":129,"column":51},"end":{"line":129,"column":76}}],"line":129},"10":{"loc":{"start":{"line":145,"column":9},"end":{"line":145,"column":46}},"type":"binary-expr","locations":[{"start":{"line":145,"column":9},"end":{"line":145,"column":37}},{"start":{"line":145,"column":41},"end":{"line":145,"column":46}}],"line":145},"11":{"loc":{"start":{"line":163,"column":4},"end":{"line":179,"column":5}},"type":"if","locations":[{"start":{"line":163,"column":4},"end":{"line":179,"column":5}},{"start":{"line":171,"column":11},"end":{"line":179,"column":5}}],"line":163},"12":{"loc":{"start":{"line":164,"column":6},"end":{"line":164,"column":47}},"type":"if","locations":[{"start":{"line":164,"column":6},"end":{"line":164,"column":47}},{"start":{},"end":{}}],"line":164},"13":{"loc":{"start":{"line":166,"column":6},"end":{"line":169,"column":7}},"type":"if","locations":[{"start":{"line":166,"column":6},"end":{"line":169,"column":7}},{"start":{},"end":{}}],"line":166},"14":{"loc":{"start":{"line":171,"column":11},"end":{"line":179,"column":5}},"type":"if","locations":[{"start":{"line":171,"column":11},"end":{"line":179,"column":5}},{"start":{},"end":{}}],"line":171},"15":{"loc":{"start":{"line":172,"column":6},"end":{"line":178,"column":7}},"type":"if","locations":[{"start":{"line":172,"column":6},"end":{"line":178,"column":7}},{"start":{"line":174,"column":13},"end":{"line":178,"column":7}}],"line":172},"16":{"loc":{"start":{"line":172,"column":10},"end":{"line":172,"column":57}},"type":"binary-expr","locations":[{"start":{"line":172,"column":10},"end":{"line":172,"column":30}},{"start":{"line":172,"column":34},"end":{"line":172,"column":57}}],"line":172},"17":{"loc":{"start":{"line":174,"column":13},"end":{"line":178,"column":7}},"type":"if","locations":[{"start":{"line":174,"column":13},"end":{"line":178,"column":7}},{"start":{"line":176,"column":13},"end":{"line":178,"column":7}}],"line":174},"18":{"loc":{"start":{"line":174,"column":17},"end":{"line":174,"column":64}},"type":"binary-expr","locations":[{"start":{"line":174,"column":17},"end":{"line":174,"column":37}},{"start":{"line":174,"column":41},"end":{"line":174,"column":64}}],"line":174},"19":{"loc":{"start":{"line":176,"column":13},"end":{"line":178,"column":7}},"type":"if","locations":[{"start":{"line":176,"column":13},"end":{"line":178,"column":7}},{"start":{},"end":{}}],"line":176},"20":{"loc":{"start":{"line":182,"column":2},"end":{"line":182,"column":77}},"type":"if","locations":[{"start":{"line":182,"column":2},"end":{"line":182,"column":77}},{"start":{},"end":{}}],"line":182},"21":{"loc":{"start":{"line":182,"column":6},"end":{"line":182,"column":51}},"type":"binary-expr","locations":[{"start":{"line":182,"column":6},"end":{"line":182,"column":17}},{"start":{"line":182,"column":21},"end":{"line":182,"column":51}}],"line":182}},"s":{"0":0,"1":0,"2":0,"3":0,"4":0,"5":0,"6":0,"7":0,"8":0,"9":0,"10":0,"11":0,"12":0,"13":0,"14":0,"15":0,"16":0,"17":0,"18":0,"19":0,"20":0,"21":0,"22":0,"23":0,"24":0,"25":0,"26":0,"27":0,"28":0,"29":0,"30":0,"31":0,"32":0,"33":0,"34":0,"35":0,"36":0,"37":0,"38":0,"39":0,"40":0,"41":0,"42":0,"43":0,"44":0,"45":0,"46":0,"47":0,"48":0,"49":0,"50":0,"51":0,"52":0,"53":0,"54":0,"55":0,"56":0,"57":0,"58":0,"59":0,"60":0,"61":0,"62":0,"63":0,"64":0,"65":0,"66":0,"67":0,"68":0,"69":0},"f":{"0":0,"1":0,"2":0,"3":0,"4":0,"5":0,"6":0},"b":{"0":[0,0],"1":[0,0],"2":[0,0],"3":[0],"4":[0,0],"5":[0,0],"6":[0,0],"7":[0,0],"8":[0,0],"9":[0,0],"10":[0,0],"11":[0,0],"12":[0,0],"13":[0,0],"14":[0,0],"15":[0,0],"16":[0,0],"17":[0,0],"18":[0,0],"19":[0,0],"20":[0,0],"21":[0,0]}}
,"E:\\securetrack\\backend\\controllers\\analyticsController.js": {"path":"E:\\securetrack\\backend\\controllers\\analyticsController.js","statementMap":{"0":{"start":{"line":1,"column":14},"end":{"line":1,"column":40}},"1":{"start":{"line":2,"column":17},"end":{"line":2,"column":46}},"2":{"start":{"line":3,"column":21},"end":{"line":3,"column":54}},"3":{"start":{"line":14,"column":30},"end":{"line":147,"column":1}},"4":{"start":{"line":15,"column":2},"end":{"line":146,"column":3}},"5":{"start":{"line":16,"column":19},"end":{"line":16,"column":31}},"6":{"start":{"line":17,"column":26},"end":{"line":17,"column":36}},"7":{"start":{"line":18,"column":4},"end":{"line":18,"column":56}},"8":{"start":{"line":29,"column":8},"end":{"line":91,"column":6}},"9":{"start":{"line":94,"column":22},"end":{"line":94,"column":66}},"10":{"start":{"line":96,"column":22},"end":{"line":96,"column":85}},"11":{"start":{"line":96,"column":67},"end":{"line":96,"column":83}},"12":{"start":{"line":97,"column":24},"end":{"line":97,"column":89}},"13":{"start":{"line":97,"column":71},"end":{"line":97,"column":87}},"14":{"start":{"line":98,"column":24},"end":{"line":100,"column":5}},"15":{"start":{"line":99,"column":37},"end":{"line":99,"column":55}},"16":{"start":{"line":99,"column":68},"end":{"line":99,"column":99}},"17":{"start":{"line":102,"column":27},"end":{"line":107,"column":7}},"18":{"start":{"line":102,"column":52},"end":{"line":107,"column":5}},"19":{"start":{"line":110,"column":24},"end":{"line":110,"column":57}},"20":{"start":{"line":111,"column":23},"end":{"line":114,"column":7}},"21":{"start":{"line":111,"column":47},"end":{"line":114,"column":5}},"22":{"start":{"line":113,"column":35},"end":{"line":113,"column":46}},"23":{"start":{"line":117,"column":26},"end":{"line":117,"column":63}},"24":{"start":{"line":118,"column":25},"end":{"line":121,"column":7}},"25":{"start":{"line":118,"column":51},"end":{"line":121,"column":5}},"26":{"start":{"line":120,"column":37},"end":{"line":120,"column":48}},"27":{"start":{"line":124,"column":25},"end":{"line":124,"column":80}},"28":{"start":{"line":124,"column":53},"end":{"line":124,"column":63}},"29":{"start":{"line":126,"column":6},"end":{"line":128,"column":14}},"30":{"start":{"line":127,"column":42},"end":{"line":127,"column":47}},"31":{"start":{"line":130,"column":4},"end":{"line":142,"column":7}},"32":{"start":{"line":136,"column":43},"end":{"line":136,"column":61}},"33":{"start":{"line":137,"column":45},"end":{"line":137,"column":65}},"34":{"start":{"line":144,"column":4},"end":{"line":144,"column":55}},"35":{"start":{"line":145,"column":4},"end":{"line":145,"column":68}},"36":{"start":{"line":152,"column":26},"end":{"line":163,"column":1}},"37":{"start":{"line":153,"column":16},"end":{"line":153,"column":18}},"38":{"start":{"line":154,"column":14},"end":{"line":154,"column":29}},"39":{"start":{"line":155,"column":2},"end":{"line":155,"column":27}},"40":{"start":{"line":156,"column":18},"end":{"line":156,"column":31}},"41":{"start":{"line":157,"column":2},"end":{"line":157,"column":36}},"42":{"start":{"line":158,"column":2},"end":{"line":161,"column":3}},"43":{"start":{"line":159,"column":4},"end":{"line":159,"column":48}},"44":{"start":{"line":160,"column":4},"end":{"line":160,"column":35}},"45":{"start":{"line":162,"column":2},"end":{"line":162,"column":15}},"46":{"start":{"line":165,"column":0},"end":{"line":165,"column":43}}},"fnMap":{"0":{"name":"(anonymous_0)","decl":{"start":{"line":14,"column":30},"end":{"line":14,"column":31}},"loc":{"start":{"line":14,"column":50},"end":{"line":147,"column":1}},"line":14},"1":{"name":"(anonymous_1)","decl":{"start":{"line":96,"column":60},"end":{"line":96,"column":61}},"loc":{"start":{"line":96,"column":67},"end":{"line":96,"column":83}},"line":96},"2":{"name":"(anonymous_2)","decl":{"start":{"line":97,"column":64},"end":{"line":97,"column":65}},"loc":{"start":{"line":97,"column":71},"end":{"line":97,"column":87}},"line":97},"3":{"name":"(anonymous_3)","decl":{"start":{"line":99,"column":30},"end":{"line":99,"column":31}},"loc":{"start":{"line":99,"column":37},"end":{"line":99,"column":55}},"line":99},"4":{"name":"(anonymous_4)","decl":{"start":{"line":99,"column":61},"end":{"line":99,"column":62}},"loc":{"start":{"line":99,"column":68},"end":{"line":99,"column":99}},"line":99},"5":{"name":"(anonymous_5)","decl":{"start":{"line":102,"column":41},"end":{"line":102,"column":42}},"loc":{"start":{"line":102,"column":52},"end":{"line":107,"column":5}},"line":102},"6":{"name":"(anonymous_6)","decl":{"start":{"line":111,"column":39},"end":{"line":111,"column":40}},"loc":{"start":{"line":111,"column":47},"end":{"line":114,"column":5}},"line":111},"7":{"name":"(anonymous_7)","decl":{"start":{"line":113,"column":28},"end":{"line":113,"column":29}},"loc":{"start":{"line":113,"column":35},"end":{"line":113,"column":46}},"line":113},"8":{"name":"(anonymous_8)","decl":{"start":{"line":118,"column":43},"end":{"line":118,"column":44}},"loc":{"start":{"line":118,"column":51},"end":{"line":121,"column":5}},"line":118},"9":{"name":"(anonymous_9)","decl":{"start":{"line":120,"column":30},"end":{"line":120,"column":31}},"loc":{"start":{"line":120,"column":37},"end":{"line":120,"column":48}},"line":120},"10":{"name":"(anonymous_10)","decl":{"start":{"line":124,"column":46},"end":{"line":124,"column":47}},"loc":{"start":{"line":124,"column":53},"end":{"line":124,"column":63}},"line":124},"11":{"name":"(anonymous_11)","decl":{"start":{"line":127,"column":32},"end":{"line":127,"column":33}},"loc":{"start":{"line":127,"column":42},"end":{"line":127,"column":47}},"line":127},"12":{"name":"(anonymous_12)","decl":{"start":{"line":136,"column":36},"end":{"line":136,"column":37}},"loc":{"start":{"line":136,"column":43},"end":{"line":136,"column":61}},"line":136},"13":{"name":"(anonymous_13)","decl":{"start":{"line":137,"column":38},"end":{"line":137,"column":39}},"loc":{"start":{"line":137,"column":45},"end":{"line":137,"column":65}},"line":137},"14":{"name":"(anonymous_14)","decl":{"start":{"line":152,"column":26},"end":{"line":152,"column":27}},"loc":{"start":{"line":152,"column":42},"end":{"line":163,"column":1}},"line":152}},"branchMap":{"0":{"loc":{"start":{"line":104,"column":14},"end":{"line":104,"column":34}},"type":"binary-expr","locations":[{"start":{"line":104,"column":14},"end":{"line":104,"column":29}},{"start":{"line":104,"column":33},"end":{"line":104,"column":34}}],"line":104},"1":{"loc":{"start":{"line":105,"column":16},"end":{"line":105,"column":38}},"type":"binary-expr","locations":[{"start":{"line":105,"column":16},"end":{"line":105,"column":33}},{"start":{"line":105,"column":37},"end":{"line":105,"column":38}}],"line":105},"2":{"loc":{"start":{"line":106,"column":16},"end":{"line":106,"column":41}},"type":"binary-expr","locations":[{"start":{"line":106,"column":16},"end":{"line":106,"column":33}},{"start":{"line":106,"column":37},"end":{"line":106,"column":41}}],"line":106},"3":{"loc":{"start":{"line":113,"column":13},"end":{"line":113,"column":59}},"type":"binary-expr","locations":[{"start":{"line":113,"column":13},"end":{"line":113,"column":54}},{"start":{"line":113,"column":58},"end":{"line":113,"column":59}}],"line":113},"4":{"loc":{"start":{"line":120,"column":13},"end":{"line":120,"column":61}},"type":"binary-expr","locations":[{"start":{"line":120,"column":13},"end":{"line":120,"column":56}},{"start":{"line":120,"column":60},"end":{"line":120,"column":61}}],"line":120},"5":{"loc":{"start":{"line":126,"column":6},"end":{"line":128,"column":14}},"type":"cond-expr","locations":[{"start":{"line":127,"column":10},"end":{"line":127,"column":85}},{"start":{"line":128,"column":10},"end":{"line":128,"column":14}}],"line":126},"6":{"loc":{"start":{"line":136,"column":20},"end":{"line":136,"column":74}},"type":"binary-expr","locations":[{"start":{"line":136,"column":20},"end":{"line":136,"column":69}},{"start":{"line":136,"column":73},"end":{"line":136,"column":74}}],"line":136},"7":{"loc":{"start":{"line":137,"column":22},"end":{"line":137,"column":78}},"type":"binary-expr","locations":[{"start":{"line":137,"column":22},"end":{"line":137,"column":73}},{"start":{"line":137,"column":77},"end":{"line":137,"column":78}}],"line":137}},"s":{"0":0,"1":0,"2":0,"3":0,"4":0,"5":0,"6":0,"7":0,"8":0,"9":0,"10":0,"11":0,"12":0,"13":0,"14":0,"15":0,"16":0,"17":0,"18":0,"19":0,"20":0,"21":0,"22":0,"23":0,"24":0,"25":0,"26":0,"27":0,"28":0,"29":0,"30":0,"31":0,"32":0,"33":0,"34":0,"35":0,"36":0,"37":0,"38":0,"39":0,"40":0,"41":0,"42":0,"43":0,"44":0,"45":0,"46":0},"f":{"0":0,"1":0,"2":0,"3":0,"4":0,"5":0,"6":0,"7":0,"8":0,"9":0,"10":0,"11":0,"12":0,"13":0,"14":0},"b":{"0":[0,0],"1":[0,0],"2":[0,0],"3":[0,0],"4":[0,0],"5":[0,0],"6":[0,0],"7":[0,0]}}
,"E:\\securetrack\\backend\\controllers\\analyzeController.js": {"path":"E:\\securetrack\\backend\\controllers\\analyzeController.js","statementMap":{"0":{"start":{"line":1,"column":17},"end":{"line":1,"column":46}},"1":{"start":{"line":2,"column":48},"end":{"line":2,"column":80}},"2":{"start":{"line":8,"column":20},"end":{"line":51,"column":1}},"3":{"start":{"line":9,"column":20},"end":{"line":9,"column":30}},"4":{"start":{"line":11,"column":2},"end":{"line":50,"column":3}},"5":{"start":{"line":12,"column":31},"end":{"line":12,"column":39}},"6":{"start":{"line":15,"column":19},"end":{"line":15,"column":62}},"7":{"start":{"line":17,"column":29},"end":{"line":17,"column":51}},"8":{"start":{"line":20,"column":21},"end":{"line":27,"column":6}},"9":{"start":{"line":29,"column":4},"end":{"line":34,"column":7}},"10":{"start":{"line":36,"column":4},"end":{"line":36,"column":55}},"11":{"start":{"line":39,"column":4},"end":{"line":41,"column":5}},"12":{"start":{"line":40,"column":6},"end":{"line":40,"column":108}},"13":{"start":{"line":42,"column":4},"end":{"line":44,"column":5}},"14":{"start":{"line":43,"column":6},"end":{"line":43,"column":111}},"15":{"start":{"line":45,"column":4},"end":{"line":47,"column":5}},"16":{"start":{"line":46,"column":6},"end":{"line":46,"column":110}},"17":{"start":{"line":49,"column":4},"end":{"line":49,"column":100}},"18":{"start":{"line":57,"column":19},"end":{"line":86,"column":1}},"19":{"start":{"line":58,"column":2},"end":{"line":85,"column":3}},"20":{"start":{"line":59,"column":17},"end":{"line":59,"column":46}},"21":{"start":{"line":60,"column":18},"end":{"line":60,"column":49}},"22":{"start":{"line":61,"column":17},"end":{"line":61,"column":35}},"23":{"start":{"line":63,"column":30},"end":{"line":71,"column":6}},"24":{"start":{"line":73,"column":4},"end":{"line":81,"column":7}},"25":{"start":{"line":83,"column":4},"end":{"line":83,"column":46}},"26":{"start":{"line":84,"column":4},"end":{"line":84,"column":75}},"27":{"start":{"line":92,"column":24},"end":{"line":108,"column":1}},"28":{"start":{"line":93,"column":2},"end":{"line":107,"column":3}},"29":{"start":{"line":94,"column":21},"end":{"line":97,"column":13}},"30":{"start":{"line":99,"column":4},"end":{"line":101,"column":5}},"31":{"start":{"line":100,"column":6},"end":{"line":100,"column":70}},"32":{"start":{"line":103,"column":4},"end":{"line":103,"column":27}},"33":{"start":{"line":105,"column":4},"end":{"line":105,"column":51}},"34":{"start":{"line":106,"column":4},"end":{"line":106,"column":67}},"35":{"start":{"line":110,"column":0},"end":{"line":110,"column":62}}},"fnMap":{"0":{"name":"(anonymous_0)","decl":{"start":{"line":8,"column":20},"end":{"line":8,"column":21}},"loc":{"start":{"line":8,"column":40},"end":{"line":51,"column":1}},"line":8},"1":{"name":"(anonymous_1)","decl":{"start":{"line":57,"column":19},"end":{"line":57,"column":20}},"loc":{"start":{"line":57,"column":39},"end":{"line":86,"column":1}},"line":57},"2":{"name":"(anonymous_2)","decl":{"start":{"line":92,"column":24},"end":{"line":92,"column":25}},"loc":{"start":{"line":92,"column":44},"end":{"line":108,"column":1}},"line":92}},"branchMap":{"0":{"loc":{"start":{"line":39,"column":4},"end":{"line":41,"column":5}},"type":"if","locations":[{"start":{"line":39,"column":4},"end":{"line":41,"column":5}},{"start":{},"end":{}}],"line":39},"1":{"loc":{"start":{"line":42,"column":4},"end":{"line":44,"column":5}},"type":"if","locations":[{"start":{"line":42,"column":4},"end":{"line":44,"column":5}},{"start":{},"end":{}}],"line":42},"2":{"loc":{"start":{"line":45,"column":4},"end":{"line":47,"column":5}},"type":"if","locations":[{"start":{"line":45,"column":4},"end":{"line":47,"column":5}},{"start":{},"end":{}}],"line":45},"3":{"loc":{"start":{"line":49,"column":36},"end":{"line":49,"column":96}},"type":"binary-expr","locations":[{"start":{"line":49,"column":36},"end":{"line":49,"column":49}},{"start":{"line":49,"column":53},"end":{"line":49,"column":96}}],"line":49},"4":{"loc":{"start":{"line":59,"column":17},"end":{"line":59,"column":46}},"type":"binary-expr","locations":[{"start":{"line":59,"column":17},"end":{"line":59,"column":41}},{"start":{"line":59,"column":45},"end":{"line":59,"column":46}}],"line":59},"5":{"loc":{"start":{"line":60,"column":18},"end":{"line":60,"column":49}},"type":"binary-expr","locations":[{"start":{"line":60,"column":18},"end":{"line":60,"column":43}},{"start":{"line":60,"column":47},"end":{"line":60,"column":49}}],"line":60},"6":{"loc":{"start":{"line":99,"column":4},"end":{"line":101,"column":5}},"type":"if","locations":[{"start":{"line":99,"column":4},"end":{"line":101,"column":5}},{"start":{},"end":{}}],"line":99}},"s":{"0":0,"1":0,"2":0,"3":0,"4":0,"5":0,"6":0,"7":0,"8":0,"9":0,"10":0,"11":0,"12":0,"13":0,"14":0,"15":0,"16":0,"17":0,"18":0,"19":0,"20":0,"21":0,"22":0,"23":0,"24":0,"25":0,"26":0,"27":0,"28":0,"29":0,"30":0,"31":0,"32":0,"33":0,"34":0,"35":0},"f":{"0":0,"1":0,"2":0},"b":{"0":[0,0],"1":[0,0],"2":[0,0],"3":[0,0],"4":[0,0],"5":[0,0],"6":[0,0]}}
,"E:\\securetrack\\backend\\controllers\\authController.js": {"path":"E:\\securetrack\\backend\\controllers\\authController.js","statementMap":{"0":{"start":{"line":1,"column":13},"end":{"line":1,"column":38}},"1":{"start":{"line":2,"column":26},"end":{"line":2,"column":49}},"2":{"start":{"line":8,"column":17},"end":{"line":38,"column":1}},"3":{"start":{"line":9,"column":2},"end":{"line":37,"column":3}},"4":{"start":{"line":10,"column":38},"end":{"line":10,"column":46}},"5":{"start":{"line":13,"column":25},"end":{"line":13,"column":54}},"6":{"start":{"line":14,"column":4},"end":{"line":16,"column":5}},"7":{"start":{"line":15,"column":6},"end":{"line":15,"column":93}},"8":{"start":{"line":19,"column":17},"end":{"line":19,"column":61}},"9":{"start":{"line":22,"column":18},"end":{"line":22,"column":41}},"10":{"start":{"line":24,"column":4},"end":{"line":33,"column":7}},"11":{"start":{"line":35,"column":4},"end":{"line":35,"column":44}},"12":{"start":{"line":36,"column":4},"end":{"line":36,"column":80}},"13":{"start":{"line":44,"column":14},"end":{"line":77,"column":1}},"14":{"start":{"line":45,"column":2},"end":{"line":76,"column":3}},"15":{"start":{"line":46,"column":32},"end":{"line":46,"column":40}},"16":{"start":{"line":49,"column":17},"end":{"line":49,"column":66}},"17":{"start":{"line":50,"column":4},"end":{"line":52,"column":5}},"18":{"start":{"line":51,"column":6},"end":{"line":51,"column":77}},"19":{"start":{"line":55,"column":20},"end":{"line":55,"column":56}},"20":{"start":{"line":56,"column":4},"end":{"line":58,"column":5}},"21":{"start":{"line":57,"column":6},"end":{"line":57,"column":77}},"22":{"start":{"line":61,"column":18},"end":{"line":61,"column":41}},"23":{"start":{"line":63,"column":4},"end":{"line":72,"column":7}},"24":{"start":{"line":74,"column":4},"end":{"line":74,"column":41}},"25":{"start":{"line":75,"column":4},"end":{"line":75,"column":73}},"26":{"start":{"line":83,"column":14},"end":{"line":98,"column":1}},"27":{"start":{"line":84,"column":2},"end":{"line":97,"column":3}},"28":{"start":{"line":85,"column":4},"end":{"line":93,"column":7}},"29":{"start":{"line":95,"column":4},"end":{"line":95,"column":41}},"30":{"start":{"line":96,"column":4},"end":{"line":96,"column":68}},"31":{"start":{"line":100,"column":0},"end":{"line":100,"column":44}}},"fnMap":{"0":{"name":"(anonymous_0)","decl":{"start":{"line":8,"column":17},"end":{"line":8,"column":18}},"loc":{"start":{"line":8,"column":37},"end":{"line":38,"column":1}},"line":8},"1":{"name":"(anonymous_1)","decl":{"start":{"line":44,"column":14},"end":{"line":44,"column":15}},"loc":{"start":{"line":44,"column":34},"end":{"line":77,"column":1}},"line":44},"2":{"name":"(anonymous_2)","decl":{"start":{"line":83,"column":14},"end":{"line":83,"column":15}},"loc":{"start":{"line":83,"column":34},"end":{"line":98,"column":1}},"line":83}},"branchMap":{"0":{"loc":{"start":{"line":14,"column":4},"end":{"line":16,"column":5}},"type":"if","locations":[{"start":{"line":14,"column":4},"end":{"line":16,"column":5}},{"start":{},"end":{}}],"line":14},"1":{"loc":{"start":{"line":50,"column":4},"end":{"line":52,"column":5}},"type":"if","locations":[{"start":{"line":50,"column":4},"end":{"line":52,"column":5}},{"start":{},"end":{}}],"line":50},"2":{"loc":{"start":{"line":56,"column":4},"end":{"line":58,"column":5}},"type":"if","locations":[{"start":{"line":56,"column":4},"end":{"line":58,"column":5}},{"start":{},"end":{}}],"line":56}},"s":{"0":1,"1":1,"2":1,"3":2,"4":2,"5":2,"6":2,"7":1,"8":1,"9":1,"10":0,"11":1,"12":1,"13":1,"14":3,"15":3,"16":3,"17":3,"18":1,"19":2,"20":2,"21":1,"22":1,"23":0,"24":1,"25":1,"26":1,"27":0,"28":0,"29":0,"30":0,"31":1},"f":{"0":2,"1":3,"2":0},"b":{"0":[1,1],"1":[1,2],"2":[1,1]},"_coverageSchema":"1a1c01bbd47fc00a2c39e90264f33305004495a9","hash":"2dddc3ef3aaf073ad0d79f1e117b1b29b5fda5d1"}
,"E:\\securetrack\\backend\\controllers\\issueController.js": {"path":"E:\\securetrack\\backend\\controllers\\issueController.js","statementMap":{"0":{"start":{"line":1,"column":14},"end":{"line":1,"column":40}},"1":{"start":{"line":2,"column":13},"end":{"line":2,"column":38}},"2":{"start":{"line":8,"column":4},"end":{"line":8,"column":46}},"3":{"start":{"line":10,"column":18},"end":{"line":35,"column":1}},"4":{"start":{"line":11,"column":2},"end":{"line":34,"column":3}},"5":{"start":{"line":12,"column":79},"end":{"line":12,"column":88}},"6":{"start":{"line":13,"column":19},"end":{"line":13,"column":46}},"7":{"start":{"line":14,"column":4},"end":{"line":14,"column":59}},"8":{"start":{"line":14,"column":36},"end":{"line":14,"column":59}},"9":{"start":{"line":15,"column":4},"end":{"line":15,"column":67}},"10":{"start":{"line":15,"column":40},"end":{"line":15,"column":67}},"11":{"start":{"line":16,"column":4},"end":{"line":21,"column":5}},"12":{"start":{"line":17,"column":6},"end":{"line":20,"column":8}},"13":{"start":{"line":22,"column":17},"end":{"line":22,"column":55}},"14":{"start":{"line":23,"column":19},"end":{"line":23,"column":61}},"15":{"start":{"line":24,"column":46},"end":{"line":29,"column":6}},"16":{"start":{"line":30,"column":4},"end":{"line":30,"column":69}},"17":{"start":{"line":32,"column":4},"end":{"line":32,"column":43}},"18":{"start":{"line":33,"column":4},"end":{"line":33,"column":65}},"19":{"start":{"line":37,"column":20},"end":{"line":61,"column":1}},"20":{"start":{"line":38,"column":2},"end":{"line":60,"column":3}},"21":{"start":{"line":39,"column":92},"end":{"line":39,"column":100}},"22":{"start":{"line":40,"column":18},"end":{"line":49,"column":6}},"23":{"start":{"line":50,"column":15},"end":{"line":50,"column":32}},"24":{"start":{"line":51,"column":4},"end":{"line":51,"column":61}},"25":{"start":{"line":52,"column":4},"end":{"line":55,"column":5}},"26":{"start":{"line":53,"column":23},"end":{"line":53,"column":78}},"27":{"start":{"line":54,"column":6},"end":{"line":54,"column":104}},"28":{"start":{"line":54,"column":20},"end":{"line":54,"column":104}},"29":{"start":{"line":56,"column":4},"end":{"line":56,"column":75}},"30":{"start":{"line":58,"column":4},"end":{"line":58,"column":45}},"31":{"start":{"line":59,"column":4},"end":{"line":59,"column":65}},"32":{"start":{"line":63,"column":20},"end":{"line":91,"column":1}},"33":{"start":{"line":64,"column":2},"end":{"line":90,"column":3}},"34":{"start":{"line":65,"column":18},"end":{"line":65,"column":86}},"35":{"start":{"line":66,"column":4},"end":{"line":66,"column":77}},"36":{"start":{"line":66,"column":16},"end":{"line":66,"column":77}},"37":{"start":{"line":67,"column":71},"end":{"line":67,"column":79}},"38":{"start":{"line":68,"column":15},"end":{"line":68,"column":32}},"39":{"start":{"line":69,"column":22},"end":{"line":69,"column":34}},"40":{"start":{"line":70,"column":26},"end":{"line":70,"column":42}},"41":{"start":{"line":71,"column":4},"end":{"line":71,"column":49}},"42":{"start":{"line":71,"column":29},"end":{"line":71,"column":49}},"43":{"start":{"line":72,"column":4},"end":{"line":72,"column":67}},"44":{"start":{"line":72,"column":35},"end":{"line":72,"column":67}},"45":{"start":{"line":73,"column":4},"end":{"line":73,"column":52}},"46":{"start":{"line":73,"column":30},"end":{"line":73,"column":52}},"47":{"start":{"line":74,"column":4},"end":{"line":74,"column":58}},"48":{"start":{"line":74,"column":32},"end":{"line":74,"column":58}},"49":{"start":{"line":75,"column":4},"end":{"line":75,"column":64}},"50":{"start":{"line":75,"column":34},"end":{"line":75,"column":64}},"51":{"start":{"line":76,"column":4},"end":{"line":76,"column":46}},"52":{"start":{"line":76,"column":28},"end":{"line":76,"column":46}},"53":{"start":{"line":77,"column":4},"end":{"line":77,"column":23}},"54":{"start":{"line":78,"column":4},"end":{"line":80,"column":5}},"55":{"start":{"line":79,"column":6},"end":{"line":79,"column":124}},"56":{"start":{"line":81,"column":4},"end":{"line":84,"column":5}},"57":{"start":{"line":82,"column":23},"end":{"line":82,"column":78}},"58":{"start":{"line":83,"column":6},"end":{"line":83,"column":104}},"59":{"start":{"line":83,"column":20},"end":{"line":83,"column":104}},"60":{"start":{"line":85,"column":4},"end":{"line":85,"column":91}},"61":{"start":{"line":86,"column":4},"end":{"line":86,"column":63}},"62":{"start":{"line":88,"column":4},"end":{"line":88,"column":45}},"63":{"start":{"line":89,"column":4},"end":{"line":89,"column":65}},"64":{"start":{"line":93,"column":20},"end":{"line":102,"column":1}},"65":{"start":{"line":94,"column":2},"end":{"line":101,"column":3}},"66":{"start":{"line":95,"column":18},"end":{"line":95,"column":95}},"67":{"start":{"line":96,"column":4},"end":{"line":96,"column":77}},"68":{"start":{"line":96,"column":16},"end":{"line":96,"column":77}},"69":{"start":{"line":97,"column":4},"end":{"line":97,"column":56}},"70":{"start":{"line":99,"column":4},"end":{"line":99,"column":45}},"71":{"start":{"line":100,"column":4},"end":{"line":100,"column":65}},"72":{"start":{"line":104,"column":0},"end":{"line":104,"column":70}}},"fnMap":{"0":{"name":"(anonymous_0)","decl":{"start":{"line":10,"column":18},"end":{"line":10,"column":19}},"loc":{"start":{"line":10,"column":38},"end":{"line":35,"column":1}},"line":10},"1":{"name":"(anonymous_1)","decl":{"start":{"line":37,"column":20},"end":{"line":37,"column":21}},"loc":{"start":{"line":37,"column":40},"end":{"line":61,"column":1}},"line":37},"2":{"name":"(anonymous_2)","decl":{"start":{"line":63,"column":20},"end":{"line":63,"column":21}},"loc":{"start":{"line":63,"column":40},"end":{"line":91,"column":1}},"line":63},"3":{"name":"(anonymous_3)","decl":{"start":{"line":93,"column":20},"end":{"line":93,"column":21}},"loc":{"start":{"line":93,"column":40},"end":{"line":102,"column":1}},"line":93}},"branchMap":{"0":{"loc":{"start":{"line":12,"column":38},"end":{"line":12,"column":58}},"type":"default-arg","locations":[{"start":{"line":12,"column":47},"end":{"line":12,"column":58}}],"line":12},"1":{"loc":{"start":{"line":12,"column":60},"end":{"line":12,"column":74}},"type":"default-arg","locations":[{"start":{"line":12,"column":68},"end":{"line":12,"column":74}}],"line":12},"2":{"loc":{"start":{"line":14,"column":4},"end":{"line":14,"column":59}},"type":"if","locations":[{"start":{"line":14,"column":4},"end":{"line":14,"column":59}},{"start":{},"end":{}}],"line":14},"3":{"loc":{"start":{"line":14,"column":8},"end":{"line":14,"column":34}},"type":"binary-expr","locations":[{"start":{"line":14,"column":8},"end":{"line":14,"column":14}},{"start":{"line":14,"column":18},"end":{"line":14,"column":34}}],"line":14},"4":{"loc":{"start":{"line":15,"column":4},"end":{"line":15,"column":67}},"type":"if","locations":[{"start":{"line":15,"column":4},"end":{"line":15,"column":67}},{"start":{},"end":{}}],"line":15},"5":{"loc":{"start":{"line":15,"column":8},"end":{"line":15,"column":38}},"type":"binary-expr","locations":[{"start":{"line":15,"column":8},"end":{"line":15,"column":16}},{"start":{"line":15,"column":20},"end":{"line":15,"column":38}}],"line":15},"6":{"loc":{"start":{"line":16,"column":4},"end":{"line":21,"column":5}},"type":"if","locations":[{"start":{"line":16,"column":4},"end":{"line":21,"column":5}},{"start":{},"end":{}}],"line":16},"7":{"loc":{"start":{"line":22,"column":29},"end":{"line":22,"column":53}},"type":"cond-expr","locations":[{"start":{"line":22,"column":47},"end":{"line":22,"column":48}},{"start":{"line":22,"column":51},"end":{"line":22,"column":53}}],"line":22},"8":{"loc":{"start":{"line":43,"column":14},"end":{"line":43,"column":30}},"type":"binary-expr","locations":[{"start":{"line":43,"column":14},"end":{"line":43,"column":20}},{"start":{"line":43,"column":24},"end":{"line":43,"column":30}}],"line":43},"9":{"loc":{"start":{"line":44,"column":16},"end":{"line":44,"column":36}},"type":"binary-expr","locations":[{"start":{"line":44,"column":16},"end":{"line":44,"column":24}},{"start":{"line":44,"column":28},"end":{"line":44,"column":36}}],"line":44},"10":{"loc":{"start":{"line":45,"column":18},"end":{"line":45,"column":34}},"type":"binary-expr","locations":[{"start":{"line":45,"column":18},"end":{"line":45,"column":28}},{"start":{"line":45,"column":32},"end":{"line":45,"column":34}}],"line":45},"11":{"loc":{"start":{"line":46,"column":12},"end":{"line":46,"column":22}},"type":"binary-expr","locations":[{"start":{"line":46,"column":12},"end":{"line":46,"column":16}},{"start":{"line":46,"column":20},"end":{"line":46,"column":22}}],"line":46},"12":{"loc":{"start":{"line":47,"column":27},"end":{"line":47,"column":59}},"type":"binary-expr","locations":[{"start":{"line":47,"column":27},"end":{"line":47,"column":46}},{"start":{"line":47,"column":50},"end":{"line":47,"column":59}}],"line":47},"13":{"loc":{"start":{"line":52,"column":4},"end":{"line":55,"column":5}},"type":"if","locations":[{"start":{"line":52,"column":4},"end":{"line":55,"column":5}},{"start":{},"end":{}}],"line":52},"14":{"loc":{"start":{"line":54,"column":6},"end":{"line":54,"column":104}},"type":"if","locations":[{"start":{"line":54,"column":6},"end":{"line":54,"column":104}},{"start":{},"end":{}}],"line":54},"15":{"loc":{"start":{"line":66,"column":4},"end":{"line":66,"column":77}},"type":"if","locations":[{"start":{"line":66,"column":4},"end":{"line":66,"column":77}},{"start":{},"end":{}}],"line":66},"16":{"loc":{"start":{"line":71,"column":4},"end":{"line":71,"column":49}},"type":"if","locations":[{"start":{"line":71,"column":4},"end":{"line":71,"column":49}},{"start":{},"end":{}}],"line":71},"17":{"loc":{"start":{"line":72,"column":4},"end":{"line":72,"column":67}},"type":"if","locations":[{"start":{"line":72,"column":4},"end":{"line":72,"column":67}},{"start":{},"end":{}}],"line":72},"18":{"loc":{"start":{"line":73,"column":4},"end":{"line":73,"column":52}},"type":"if","locations":[{"start":{"line":73,"column":4},"end":{"line":73,"column":52}},{"start":{},"end":{}}],"line":73},"19":{"loc":{"start":{"line":74,"column":4},"end":{"line":74,"column":58}},"type":"if","locations":[{"start":{"line":74,"column":4},"end":{"line":74,"column":58}},{"start":{},"end":{}}],"line":74},"20":{"loc":{"start":{"line":75,"column":4},"end":{"line":75,"column":64}},"type":"if","locations":[{"start":{"line":75,"column":4},"end":{"line":75,"column":64}},{"start":{},"end":{}}],"line":75},"21":{"loc":{"start":{"line":76,"column":4},"end":{"line":76,"column":46}},"type":"if","locations":[{"start":{"line":76,"column":4},"end":{"line":76,"column":46}},{"start":{},"end":{}}],"line":76},"22":{"loc":{"start":{"line":78,"column":4},"end":{"line":80,"column":5}},"type":"if","locations":[{"start":{"line":78,"column":4},"end":{"line":80,"column":5}},{"start":{},"end":{}}],"line":78},"23":{"loc":{"start":{"line":78,"column":8},"end":{"line":78,"column":38}},"type":"binary-expr","locations":[{"start":{"line":78,"column":8},"end":{"line":78,"column":14}},{"start":{"line":78,"column":18},"end":{"line":78,"column":38}}],"line":78},"24":{"loc":{"start":{"line":81,"column":4},"end":{"line":84,"column":5}},"type":"if","locations":[{"start":{"line":81,"column":4},"end":{"line":84,"column":5}},{"start":{},"end":{}}],"line":81},"25":{"loc":{"start":{"line":81,"column":8},"end":{"line":81,"column":50}},"type":"binary-expr","locations":[{"start":{"line":81,"column":8},"end":{"line":81,"column":18}},{"start":{"line":81,"column":22},"end":{"line":81,"column":50}}],"line":81},"26":{"loc":{"start":{"line":83,"column":6},"end":{"line":83,"column":104}},"type":"if","locations":[{"start":{"line":83,"column":6},"end":{"line":83,"column":104}},{"start":{},"end":{}}],"line":83},"27":{"loc":{"start":{"line":96,"column":4},"end":{"line":96,"column":77}},"type":"if","locations":[{"start":{"line":96,"column":4},"end":{"line":96,"column":77}},{"start":{},"end":{}}],"line":96}},"s":{"0":0,"1":0,"2":0,"3":0,"4":0,"5":0,"6":0,"7":0,"8":0,"9":0,"10":0,"11":0,"12":0,"13":0,"14":0,"15":0,"16":0,"17":0,"18":0,"19":0,"20":0,"21":0,"22":0,"23":0,"24":0,"25":0,"26":0,"27":0,"28":0,"29":0,"30":0,"31":0,"32":0,"33":0,"34":0,"35":0,"36":0,"37":0,"38":0,"39":0,"40":0,"41":0,"42":0,"43":0,"44":0,"45":0,"46":0,"47":0,"48":0,"49":0,"50":0,"51":0,"52":0,"53":0,"54":0,"55":0,"56":0,"57":0,"58":0,"59":0,"60":0,"61":0,"62":0,"63":0,"64":0,"65":0,"66":0,"67":0,"68":0,"69":0,"70":0,"71":0,"72":0},"f":{"0":0,"1":0,"2":0,"3":0},"b":{"0":[0],"1":[0],"2":[0,0],"3":[0,0],"4":[0,0],"5":[0,0],"6":[0,0],"7":[0,0],"8":[0,0],"9":[0,0],"10":[0,0],"11":[0,0],"12":[0,0],"13":[0,0],"14":[0,0],"15":[0,0],"16":[0,0],"17":[0,0],"18":[0,0],"19":[0,0],"20":[0,0],"21":[0,0],"22":[0,0],"23":[0,0],"24":[0,0],"25":[0,0],"26":[0,0],"27":[0,0]}}
,"E:\\securetrack\\backend\\controllers\\notificationController.js": {"path":"E:\\securetrack\\backend\\controllers\\notificationController.js","statementMap":{"0":{"start":{"line":1,"column":21},"end":{"line":1,"column":54}},"1":{"start":{"line":7,"column":25},"end":{"line":43,"column":1}},"2":{"start":{"line":8,"column":2},"end":{"line":42,"column":3}},"3":{"start":{"line":9,"column":17},"end":{"line":9,"column":46}},"4":{"start":{"line":10,"column":18},"end":{"line":10,"column":49}},"5":{"start":{"line":11,"column":17},"end":{"line":11,"column":35}},"6":{"start":{"line":12,"column":23},"end":{"line":12,"column":54}},"7":{"start":{"line":14,"column":19},"end":{"line":14,"column":46}},"8":{"start":{"line":15,"column":4},"end":{"line":15,"column":40}},"9":{"start":{"line":15,"column":20},"end":{"line":15,"column":40}},"10":{"start":{"line":17,"column":48},"end":{"line":27,"column":6}},"11":{"start":{"line":29,"column":4},"end":{"line":38,"column":7}},"12":{"start":{"line":40,"column":4},"end":{"line":40,"column":50}},"13":{"start":{"line":41,"column":4},"end":{"line":41,"column":72}},"14":{"start":{"line":49,"column":23},"end":{"line":59,"column":1}},"15":{"start":{"line":50,"column":2},"end":{"line":58,"column":3}},"16":{"start":{"line":51,"column":18},"end":{"line":54,"column":6}},"17":{"start":{"line":55,"column":4},"end":{"line":55,"column":24}},"18":{"start":{"line":57,"column":4},"end":{"line":57,"column":71}},"19":{"start":{"line":65,"column":19},"end":{"line":77,"column":1}},"20":{"start":{"line":66,"column":2},"end":{"line":76,"column":3}},"21":{"start":{"line":67,"column":25},"end":{"line":71,"column":5}},"22":{"start":{"line":72,"column":4},"end":{"line":72,"column":91}},"23":{"start":{"line":72,"column":23},"end":{"line":72,"column":91}},"24":{"start":{"line":73,"column":4},"end":{"line":73,"column":31}},"25":{"start":{"line":75,"column":4},"end":{"line":75,"column":78}},"26":{"start":{"line":83,"column":22},"end":{"line":93,"column":1}},"27":{"start":{"line":84,"column":2},"end":{"line":92,"column":3}},"28":{"start":{"line":85,"column":19},"end":{"line":88,"column":5}},"29":{"start":{"line":89,"column":4},"end":{"line":89,"column":100}},"30":{"start":{"line":91,"column":4},"end":{"line":91,"column":69}},"31":{"start":{"line":99,"column":27},"end":{"line":106,"column":1}},"32":{"start":{"line":100,"column":2},"end":{"line":105,"column":3}},"33":{"start":{"line":101,"column":4},"end":{"line":101,"column":89}},"34":{"start":{"line":102,"column":4},"end":{"line":102,"column":51}},"35":{"start":{"line":104,"column":4},"end":{"line":104,"column":72}},"36":{"start":{"line":112,"column":17},"end":{"line":119,"column":1}},"37":{"start":{"line":113,"column":2},"end":{"line":118,"column":3}},"38":{"start":{"line":114,"column":4},"end":{"line":114,"column":63}},"39":{"start":{"line":115,"column":4},"end":{"line":115,"column":56}},"40":{"start":{"line":117,"column":4},"end":{"line":117,"column":72}},"41":{"start":{"line":121,"column":0},"end":{"line":121,"column":111}}},"fnMap":{"0":{"name":"(anonymous_0)","decl":{"start":{"line":7,"column":25},"end":{"line":7,"column":26}},"loc":{"start":{"line":7,"column":45},"end":{"line":43,"column":1}},"line":7},"1":{"name":"(anonymous_1)","decl":{"start":{"line":49,"column":23},"end":{"line":49,"column":24}},"loc":{"start":{"line":49,"column":43},"end":{"line":59,"column":1}},"line":49},"2":{"name":"(anonymous_2)","decl":{"start":{"line":65,"column":19},"end":{"line":65,"column":20}},"loc":{"start":{"line":65,"column":39},"end":{"line":77,"column":1}},"line":65},"3":{"name":"(anonymous_3)","decl":{"start":{"line":83,"column":22},"end":{"line":83,"column":23}},"loc":{"start":{"line":83,"column":42},"end":{"line":93,"column":1}},"line":83},"4":{"name":"(anonymous_4)","decl":{"start":{"line":99,"column":27},"end":{"line":99,"column":28}},"loc":{"start":{"line":99,"column":47},"end":{"line":106,"column":1}},"line":99},"5":{"name":"(anonymous_5)","decl":{"start":{"line":112,"column":17},"end":{"line":112,"column":18}},"loc":{"start":{"line":112,"column":37},"end":{"line":119,"column":1}},"line":112}},"branchMap":{"0":{"loc":{"start":{"line":9,"column":17},"end":{"line":9,"column":46}},"type":"binary-expr","locations":[{"start":{"line":9,"column":17},"end":{"line":9,"column":41}},{"start":{"line":9,"column":45},"end":{"line":9,"column":46}}],"line":9},"1":{"loc":{"start":{"line":10,"column":18},"end":{"line":10,"column":49}},"type":"binary-expr","locations":[{"start":{"line":10,"column":18},"end":{"line":10,"column":43}},{"start":{"line":10,"column":47},"end":{"line":10,"column":49}}],"line":10},"2":{"loc":{"start":{"line":15,"column":4},"end":{"line":15,"column":40}},"type":"if","locations":[{"start":{"line":15,"column":4},"end":{"line":15,"column":40}},{"start":{},"end":{}}],"line":15},"3":{"loc":{"start":{"line":72,"column":4},"end":{"line":72,"column":91}},"type":"if","locations":[{"start":{"line":72,"column":4},"end":{"line":72,"column":91}},{"start":{},"end":{}}],"line":72}},"s":{"0":0,"1":0,"2":0,"3":0,"4":0,"5":0,"6":0,"7":0,"8":0,"9":0,"10":0,"11":0,"12":0,"13":0,"14":0,"15":0,"16":0,"17":0,"18":0,"19":0,"20":0,"21":0,"22":0,"23":0,"24":0,"25":0,"26":0,"27":0,"28":0,"29":0,"30":0,"31":0,"32":0,"33":0,"34":0,"35":0,"36":0,"37":0,"38":0,"39":0,"40":0,"41":0},"f":{"0":0,"1":0,"2":0,"3":0,"4":0,"5":0},"b":{"0":[0,0],"1":[0,0],"2":[0,0],"3":[0,0]}}
,"E:\\securetrack\\backend\\middleware\\auth.js": {"path":"E:\\securetrack\\backend\\middleware\\auth.js","statementMap":{"0":{"start":{"line":1,"column":12},"end":{"line":1,"column":35}},"1":{"start":{"line":2,"column":13},"end":{"line":2,"column":38}},"2":{"start":{"line":7,"column":16},"end":{"line":37,"column":1}},"3":{"start":{"line":11,"column":2},"end":{"line":13,"column":3}},"4":{"start":{"line":12,"column":4},"end":{"line":12,"column":52}},"5":{"start":{"line":15,"column":2},"end":{"line":17,"column":3}},"6":{"start":{"line":16,"column":4},"end":{"line":16,"column":83}},"7":{"start":{"line":19,"column":2},"end":{"line":36,"column":3}},"8":{"start":{"line":21,"column":20},"end":{"line":21,"column":61}},"9":{"start":{"line":24,"column":4},"end":{"line":24,"column":67}},"10":{"start":{"line":26,"column":4},"end":{"line":28,"column":5}},"11":{"start":{"line":27,"column":6},"end":{"line":27,"column":73}},"12":{"start":{"line":30,"column":4},"end":{"line":30,"column":11}},"13":{"start":{"line":32,"column":4},"end":{"line":34,"column":5}},"14":{"start":{"line":33,"column":6},"end":{"line":33,"column":86}},"15":{"start":{"line":35,"column":4},"end":{"line":35,"column":63}},"16":{"start":{"line":42,"column":19},"end":{"line":49,"column":1}},"17":{"start":{"line":43,"column":2},"end":{"line":48,"column":4}},"18":{"start":{"line":44,"column":4},"end":{"line":46,"column":5}},"19":{"start":{"line":45,"column":6},"end":{"line":45,"column":101}},"20":{"start":{"line":47,"column":4},"end":{"line":47,"column":11}},"21":{"start":{"line":51,"column":0},"end":{"line":51,"column":41}}},"fnMap":{"0":{"name":"(anonymous_0)","decl":{"start":{"line":7,"column":16},"end":{"line":7,"column":17}},"loc":{"start":{"line":7,"column":42},"end":{"line":37,"column":1}},"line":7},"1":{"name":"(anonymous_1)","decl":{"start":{"line":42,"column":19},"end":{"line":42,"column":20}},"loc":{"start":{"line":42,"column":33},"end":{"line":49,"column":1}},"line":42},"2":{"name":"(anonymous_2)","decl":{"start":{"line":43,"column":9},"end":{"line":43,"column":10}},"loc":{"start":{"line":43,"column":29},"end":{"line":48,"column":3}},"line":43}},"branchMap":{"0":{"loc":{"start":{"line":11,"column":2},"end":{"line":13,"column":3}},"type":"if","locations":[{"start":{"line":11,"column":2},"end":{"line":13,"column":3}},{"start":{},"end":{}}],"line":11},"1":{"loc":{"start":{"line":11,"column":6},"end":{"line":11,"column":82}},"type":"binary-expr","locations":[{"start":{"line":11,"column":6},"end":{"line":11,"column":31}},{"start":{"line":11,"column":35},"end":{"line":11,"column":82}}],"line":11},"2":{"loc":{"start":{"line":15,"column":2},"end":{"line":17,"column":3}},"type":"if","locations":[{"start":{"line":15,"column":2},"end":{"line":17,"column":3}},{"start":{},"end":{}}],"line":15},"3":{"loc":{"start":{"line":26,"column":4},"end":{"line":28,"column":5}},"type":"if","locations":[{"start":{"line":26,"column":4},"end":{"line":28,"column":5}},{"start":{},"end":{}}],"line":26},"4":{"loc":{"start":{"line":32,"column":4},"end":{"line":34,"column":5}},"type":"if","locations":[{"start":{"line":32,"column":4},"end":{"line":34,"column":5}},{"start":{},"end":{}}],"line":32},"5":{"loc":{"start":{"line":44,"column":4},"end":{"line":46,"column":5}},"type":"if","locations":[{"start":{"line":44,"column":4},"end":{"line":46,"column":5}},{"start":{},"end":{}}],"line":44}},"s":{"0":1,"1":1,"2":1,"3":0,"4":0,"5":0,"6":0,"7":0,"8":0,"9":0,"10":0,"11":0,"12":0,"13":0,"14":0,"15":0,"16":1,"17":0,"18":0,"19":0,"20":0,"21":1},"f":{"0":0,"1":0,"2":0},"b":{"0":[0,0],"1":[0,0],"2":[0,0],"3":[0,0],"4":[0,0],"5":[0,0]},"_coverageSchema":"1a1c01bbd47fc00a2c39e90264f33305004495a9","hash":"ad1edd45195ccedfcd907d3bfbad54a6d43b230f"}
,"E:\\securetrack\\backend\\middleware\\validators.js": {"path":"E:\\securetrack\\backend\\middleware\\validators.js","statementMap":{"0":{"start":{"line":1,"column":35},"end":{"line":1,"column":63}},"1":{"start":{"line":6,"column":17},"end":{"line":15,"column":1}},"2":{"start":{"line":7,"column":17},"end":{"line":7,"column":38}},"3":{"start":{"line":8,"column":2},"end":{"line":13,"column":3}},"4":{"start":{"line":9,"column":4},"end":{"line":12,"column":7}},"5":{"start":{"line":11,"column":41},"end":{"line":11,"column":74}},"6":{"start":{"line":14,"column":2},"end":{"line":14,"column":9}},"7":{"start":{"line":18,"column":26},"end":{"line":23,"column":1}},"8":{"start":{"line":25,"column":23},"end":{"line":29,"column":1}},"9":{"start":{"line":32,"column":23},"end":{"line":38,"column":1}},"10":{"start":{"line":41,"column":25},"end":{"line":45,"column":1}},"11":{"start":{"line":47,"column":0},"end":{"line":52,"column":2}}},"fnMap":{"0":{"name":"(anonymous_0)","decl":{"start":{"line":6,"column":17},"end":{"line":6,"column":18}},"loc":{"start":{"line":6,"column":37},"end":{"line":15,"column":1}},"line":6},"1":{"name":"(anonymous_1)","decl":{"start":{"line":11,"column":33},"end":{"line":11,"column":34}},"loc":{"start":{"line":11,"column":41},"end":{"line":11,"column":74}},"line":11}},"branchMap":{"0":{"loc":{"start":{"line":8,"column":2},"end":{"line":13,"column":3}},"type":"if","locations":[{"start":{"line":8,"column":2},"end":{"line":13,"column":3}},{"start":{},"end":{}}],"line":8}},"s":{"0":1,"1":1,"2":9,"3":9,"4":4,"5":5,"6":5,"7":1,"8":1,"9":1,"10":1,"11":1},"f":{"0":9,"1":5},"b":{"0":[4,5]},"_coverageSchema":"1a1c01bbd47fc00a2c39e90264f33305004495a9","hash":"05f443bb45b37da143a2695959d22f5ae96848b1"}
,"E:\\securetrack\\backend\\services\\notificationService.js": {"path":"E:\\securetrack\\backend\\services\\notificationService.js","statementMap":{"0":{"start":{"line":1,"column":21},"end":{"line":1,"column":54}},"1":{"start":{"line":2,"column":31},"end":{"line":2,"column":64}},"2":{"start":{"line":3,"column":23},"end":{"line":3,"column":57}},"3":{"start":{"line":25,"column":27},"end":{"line":62,"column":1}},"4":{"start":{"line":27,"column":2},"end":{"line":27,"column":76}},"5":{"start":{"line":27,"column":64},"end":{"line":27,"column":76}},"6":{"start":{"line":29,"column":2},"end":{"line":61,"column":3}},"7":{"start":{"line":30,"column":25},"end":{"line":38,"column":6}},"8":{"start":{"line":41,"column":22},"end":{"line":41,"column":72}},"9":{"start":{"line":44,"column":4},"end":{"line":54,"column":7}},"10":{"start":{"line":56,"column":4},"end":{"line":56,"column":21}},"11":{"start":{"line":59,"column":4},"end":{"line":59,"column":64}},"12":{"start":{"line":60,"column":4},"end":{"line":60,"column":16}},"13":{"start":{"line":66,"column":27},"end":{"line":75,"column":4}},"14":{"start":{"line":67,"column":2},"end":{"line":75,"column":4}},"15":{"start":{"line":77,"column":28},"end":{"line":86,"column":4}},"16":{"start":{"line":78,"column":2},"end":{"line":86,"column":4}},"17":{"start":{"line":88,"column":28},"end":{"line":97,"column":4}},"18":{"start":{"line":89,"column":2},"end":{"line":97,"column":4}},"19":{"start":{"line":99,"column":27},"end":{"line":108,"column":4}},"20":{"start":{"line":100,"column":2},"end":{"line":108,"column":4}},"21":{"start":{"line":110,"column":33},"end":{"line":119,"column":4}},"22":{"start":{"line":111,"column":2},"end":{"line":119,"column":4}},"23":{"start":{"line":121,"column":0},"end":{"line":128,"column":2}}},"fnMap":{"0":{"name":"(anonymous_0)","decl":{"start":{"line":25,"column":27},"end":{"line":25,"column":28}},"loc":{"start":{"line":25,"column":132},"end":{"line":62,"column":1}},"line":25},"1":{"name":"(anonymous_1)","decl":{"start":{"line":66,"column":27},"end":{"line":66,"column":28}},"loc":{"start":{"line":67,"column":2},"end":{"line":75,"column":4}},"line":67},"2":{"name":"(anonymous_2)","decl":{"start":{"line":77,"column":28},"end":{"line":77,"column":29}},"loc":{"start":{"line":78,"column":2},"end":{"line":86,"column":4}},"line":78},"3":{"name":"(anonymous_3)","decl":{"start":{"line":88,"column":28},"end":{"line":88,"column":29}},"loc":{"start":{"line":89,"column":2},"end":{"line":97,"column":4}},"line":89},"4":{"name":"(anonymous_4)","decl":{"start":{"line":99,"column":27},"end":{"line":99,"column":28}},"loc":{"start":{"line":100,"column":2},"end":{"line":108,"column":4}},"line":100},"5":{"name":"(anonymous_5)","decl":{"start":{"line":110,"column":33},"end":{"line":110,"column":34}},"loc":{"start":{"line":111,"column":2},"end":{"line":119,"column":4}},"line":111}},"branchMap":{"0":{"loc":{"start":{"line":25,"column":53},"end":{"line":25,"column":67}},"type":"default-arg","locations":[{"start":{"line":25,"column":63},"end":{"line":25,"column":67}}],"line":25},"1":{"loc":{"start":{"line":25,"column":91},"end":{"line":25,"column":102}},"type":"default-arg","locations":[{"start":{"line":25,"column":98},"end":{"line":25,"column":102}}],"line":25},"2":{"loc":{"start":{"line":25,"column":104},"end":{"line":25,"column":125}},"type":"default-arg","locations":[{"start":{"line":25,"column":121},"end":{"line":25,"column":125}}],"line":25},"3":{"loc":{"start":{"line":27,"column":2},"end":{"line":27,"column":76}},"type":"if","locations":[{"start":{"line":27,"column":2},"end":{"line":27,"column":76}},{"start":{},"end":{}}],"line":27},"4":{"loc":{"start":{"line":27,"column":6},"end":{"line":27,"column":62}},"type":"binary-expr","locations":[{"start":{"line":27,"column":6},"end":{"line":27,"column":13}},{"start":{"line":27,"column":17},"end":{"line":27,"column":62}}],"line":27},"5":{"loc":{"start":{"line":116,"column":95},"end":{"line":116,"column":128}},"type":"cond-expr","locations":[{"start":{"line":116,"column":117},"end":{"line":116,"column":122}},{"start":{"line":116,"column":125},"end":{"line":116,"column":128}}],"line":116}},"s":{"0":2,"1":2,"2":2,"3":2,"4":2,"5":1,"6":1,"7":1,"8":1,"9":1,"10":1,"11":0,"12":0,"13":2,"14":0,"15":2,"16":0,"17":2,"18":0,"19":2,"20":0,"21":2,"22":0,"23":2},"f":{"0":2,"1":0,"2":0,"3":0,"4":0,"5":0},"b":{"0":[0],"1":[2],"2":[2],"3":[1,1],"4":[2,2],"5":[0,0]},"_coverageSchema":"1a1c01bbd47fc00a2c39e90264f33305004495a9","hash":"271add3ed3e038826ced28148f42ce89ab83ce2e"}
,"E:\\securetrack\\backend\\utils\\claudeClient.js": {"path":"E:\\securetrack\\backend\\utils\\claudeClient.js","statementMap":{"0":{"start":{"line":1,"column":14},"end":{"line":1,"column":30}},"1":{"start":{"line":3,"column":23},"end":{"line":3,"column":62}},"2":{"start":{"line":4,"column":21},"end":{"line":4,"column":47}},"3":{"start":{"line":6,"column":31},"end":{"line":9,"column":97}},"4":{"start":{"line":11,"column":19},"end":{"line":24,"column":1}},"5":{"start":{"line":12,"column":17},"end":{"line":12,"column":46}},"6":{"start":{"line":13,"column":2},"end":{"line":13,"column":70}},"7":{"start":{"line":13,"column":15},"end":{"line":13,"column":70}},"8":{"start":{"line":14,"column":19},"end":{"line":18,"column":3}},"9":{"start":{"line":19,"column":18},"end":{"line":19,"column":40}},"10":{"start":{"line":20,"column":2},"end":{"line":20,"column":112}},"11":{"start":{"line":20,"column":62},"end":{"line":20,"column":112}},"12":{"start":{"line":21,"column":15},"end":{"line":21,"column":83}},"13":{"start":{"line":21,"column":37},"end":{"line":21,"column":54}},"14":{"start":{"line":21,"column":67},"end":{"line":21,"column":73}},"15":{"start":{"line":22,"column":2},"end":{"line":22,"column":67}},"16":{"start":{"line":22,"column":13},"end":{"line":22,"column":67}},"17":{"start":{"line":23,"column":2},"end":{"line":23,"column":14}},"18":{"start":{"line":26,"column":30},"end":{"line":40,"column":1}},"19":{"start":{"line":27,"column":21},"end":{"line":27,"column":118}},"20":{"start":{"line":28,"column":18},"end":{"line":28,"column":105}},"21":{"start":{"line":29,"column":18},"end":{"line":29,"column":89}},"22":{"start":{"line":30,"column":2},"end":{"line":39,"column":3}},"23":{"start":{"line":31,"column":19},"end":{"line":31,"column":38}},"24":{"start":{"line":32,"column":4},"end":{"line":32,"column":97}},"25":{"start":{"line":32,"column":48},"end":{"line":32,"column":97}},"26":{"start":{"line":33,"column":4},"end":{"line":33,"column":59}},"27":{"start":{"line":33,"column":42},"end":{"line":33,"column":59}},"28":{"start":{"line":34,"column":4},"end":{"line":34,"column":63}},"29":{"start":{"line":34,"column":25},"end":{"line":34,"column":63}},"30":{"start":{"line":35,"column":4},"end":{"line":35,"column":53}},"31":{"start":{"line":35,"column":26},"end":{"line":35,"column":53}},"32":{"start":{"line":36,"column":4},"end":{"line":36,"column":18}},"33":{"start":{"line":38,"column":4},"end":{"line":38,"column":65}},"34":{"start":{"line":42,"column":0},"end":{"line":42,"column":69}}},"fnMap":{"0":{"name":"(anonymous_0)","decl":{"start":{"line":11,"column":19},"end":{"line":11,"column":20}},"loc":{"start":{"line":11,"column":77},"end":{"line":24,"column":1}},"line":11},"1":{"name":"(anonymous_1)","decl":{"start":{"line":21,"column":30},"end":{"line":21,"column":31}},"loc":{"start":{"line":21,"column":37},"end":{"line":21,"column":54}},"line":21},"2":{"name":"(anonymous_2)","decl":{"start":{"line":21,"column":60},"end":{"line":21,"column":61}},"loc":{"start":{"line":21,"column":67},"end":{"line":21,"column":73}},"line":21},"3":{"name":"(anonymous_3)","decl":{"start":{"line":26,"column":30},"end":{"line":26,"column":31}},"loc":{"start":{"line":26,"column":56},"end":{"line":40,"column":1}},"line":26}},"branchMap":{"0":{"loc":{"start":{"line":11,"column":54},"end":{"line":11,"column":70}},"type":"default-arg","locations":[{"start":{"line":11,"column":66},"end":{"line":11,"column":70}}],"line":11},"1":{"loc":{"start":{"line":13,"column":2},"end":{"line":13,"column":70}},"type":"if","locations":[{"start":{"line":13,"column":2},"end":{"line":13,"column":70}},{"start":{},"end":{}}],"line":13},"2":{"loc":{"start":{"line":20,"column":2},"end":{"line":20,"column":112}},"type":"if","locations":[{"start":{"line":20,"column":2},"end":{"line":20,"column":112}},{"start":{},"end":{}}],"line":20},"3":{"loc":{"start":{"line":20,"column":6},"end":{"line":20,"column":60}},"type":"binary-expr","locations":[{"start":{"line":20,"column":6},"end":{"line":20,"column":14}},{"start":{"line":20,"column":18},"end":{"line":20,"column":41}},{"start":{"line":20,"column":45},"end":{"line":20,"column":60}}],"line":20},"4":{"loc":{"start":{"line":22,"column":2},"end":{"line":22,"column":67}},"type":"if","locations":[{"start":{"line":22,"column":2},"end":{"line":22,"column":67}},{"start":{},"end":{}}],"line":22},"5":{"loc":{"start":{"line":32,"column":4},"end":{"line":32,"column":97}},"type":"if","locations":[{"start":{"line":32,"column":4},"end":{"line":32,"column":97}},{"start":{},"end":{}}],"line":32},"6":{"loc":{"start":{"line":33,"column":4},"end":{"line":33,"column":59}},"type":"if","locations":[{"start":{"line":33,"column":4},"end":{"line":33,"column":59}},{"start":{},"end":{}}],"line":33},"7":{"loc":{"start":{"line":34,"column":4},"end":{"line":34,"column":63}},"type":"if","locations":[{"start":{"line":34,"column":4},"end":{"line":34,"column":63}},{"start":{},"end":{}}],"line":34},"8":{"loc":{"start":{"line":35,"column":4},"end":{"line":35,"column":53}},"type":"if","locations":[{"start":{"line":35,"column":4},"end":{"line":35,"column":53}},{"start":{},"end":{}}],"line":35}},"s":{"0":0,"1":0,"2":0,"3":0,"4":0,"5":0,"6":0,"7":0,"8":0,"9":0,"10":0,"11":0,"12":0,"13":0,"14":0,"15":0,"16":0,"17":0,"18":0,"19":0,"20":0,"21":0,"22":0,"23":0,"24":0,"25":0,"26":0,"27":0,"28":0,"29":0,"30":0,"31":0,"32":0,"33":0,"34":0},"f":{"0":0,"1":0,"2":0,"3":0},"b":{"0":[0],"1":[0,0],"2":[0,0],"3":[0,0,0],"4":[0,0],"5":[0,0],"6":[0,0],"7":[0,0],"8":[0,0]}}
,"E:\\securetrack\\backend\\utils\\jwt.js": {"path":"E:\\securetrack\\backend\\utils\\jwt.js","statementMap":{"0":{"start":{"line":1,"column":12},"end":{"line":1,"column":35}},"1":{"start":{"line":8,"column":22},"end":{"line":12,"column":1}},"2":{"start":{"line":9,"column":2},"end":{"line":11,"column":5}},"3":{"start":{"line":14,"column":0},"end":{"line":14,"column":35}}},"fnMap":{"0":{"name":"(anonymous_0)","decl":{"start":{"line":8,"column":22},"end":{"line":8,"column":23}},"loc":{"start":{"line":8,"column":34},"end":{"line":12,"column":1}},"line":8}},"branchMap":{"0":{"loc":{"start":{"line":10,"column":15},"end":{"line":10,"column":49}},"type":"binary-expr","locations":[{"start":{"line":10,"column":15},"end":{"line":10,"column":41}},{"start":{"line":10,"column":45},"end":{"line":10,"column":49}}],"line":10}},"s":{"0":1,"1":1,"2":2,"3":1},"f":{"0":2},"b":{"0":[2,2]},"_coverageSchema":"1a1c01bbd47fc00a2c39e90264f33305004495a9","hash":"2d8a2b76a7001a210151973bd67ea9f088b06579"}
}
